<?xml version="1.0" encoding="UTF-8"?>
<testsuite name="com.etnetera.hr.JavaScriptFrameworkTests" tests="1" skipped="0" failures="0" errors="0" timestamp="2019-06-23T16:32:28" hostname="ANTB1708" time="0.117">
  <properties/>
  <testcase name="lala" classname="com.etnetera.hr.JavaScriptFrameworkTests" time="0.117"/>
  <system-out><![CDATA[18:32:22.588 [Test worker] DEBUG org.springframework.test.context.junit4.SpringJUnit4ClassRunner - SpringJUnit4ClassRunner constructor called with [class com.etnetera.hr.JavaScriptFrameworkTests]
18:32:22.597 [Test worker] DEBUG org.springframework.test.context.BootstrapUtils - Instantiating CacheAwareContextLoaderDelegate from class [org.springframework.test.context.cache.DefaultCacheAwareContextLoaderDelegate]
18:32:22.607 [Test worker] DEBUG org.springframework.test.context.BootstrapUtils - Instantiating BootstrapContext using constructor [public org.springframework.test.context.support.DefaultBootstrapContext(java.lang.Class,org.springframework.test.context.CacheAwareContextLoaderDelegate)]
18:32:22.629 [Test worker] DEBUG org.springframework.test.context.BootstrapUtils - Instantiating TestContextBootstrapper for test class [com.etnetera.hr.JavaScriptFrameworkTests] from class [org.springframework.boot.test.context.SpringBootTestContextBootstrapper]
18:32:22.661 [Test worker] INFO org.springframework.boot.test.context.SpringBootTestContextBootstrapper - Neither @ContextConfiguration nor @ContextHierarchy found for test class [com.etnetera.hr.JavaScriptFrameworkTests], using SpringBootContextLoader
18:32:22.665 [Test worker] DEBUG org.springframework.test.context.support.AbstractContextLoader - Did not detect default resource location for test class [com.etnetera.hr.JavaScriptFrameworkTests]: class path resource [com/etnetera/hr/JavaScriptFrameworkTests-context.xml] does not exist
18:32:22.666 [Test worker] DEBUG org.springframework.test.context.support.AbstractContextLoader - Did not detect default resource location for test class [com.etnetera.hr.JavaScriptFrameworkTests]: class path resource [com/etnetera/hr/JavaScriptFrameworkTestsContext.groovy] does not exist
18:32:22.667 [Test worker] INFO org.springframework.test.context.support.AbstractContextLoader - Could not detect default resource locations for test class [com.etnetera.hr.JavaScriptFrameworkTests]: no resource found for suffixes {-context.xml, Context.groovy}.
18:32:22.668 [Test worker] INFO org.springframework.test.context.support.AnnotationConfigContextLoaderUtils - Could not detect default configuration classes for test class [com.etnetera.hr.JavaScriptFrameworkTests]: JavaScriptFrameworkTests does not declare any static, non-private, non-final, nested classes annotated with @Configuration.
18:32:22.712 [Test worker] DEBUG org.springframework.test.context.support.ActiveProfilesUtils - Could not find an 'annotation declaring class' for annotation type [org.springframework.test.context.ActiveProfiles] and class [com.etnetera.hr.JavaScriptFrameworkTests]
18:32:22.721 [Test worker] DEBUG org.springframework.core.env.StandardEnvironment - Adding PropertySource 'systemProperties' with lowest search precedence
18:32:22.721 [Test worker] DEBUG org.springframework.core.env.StandardEnvironment - Adding PropertySource 'systemEnvironment' with lowest search precedence
18:32:22.722 [Test worker] DEBUG org.springframework.core.env.StandardEnvironment - Initialized StandardEnvironment with PropertySources [MapPropertySource@718805259 {name='systemProperties', properties={java.runtime.name=Java(TM) SE Runtime Environment, sun.boot.library.path=C:\Program Files\Java\jdk1.8.0_191\jre\bin, java.vm.version=25.191-b12, java.vm.vendor=Oracle Corporation, java.vendor.url=http://java.oracle.com/, path.separator=;, java.vm.name=Java HotSpot(TM) 64-Bit Server VM, file.encoding.pkg=sun.io, user.script=, sun.java.launcher=SUN_STANDARD, user.country=GB, sun.os.patch.level=, java.vm.specification.name=Java Virtual Machine Specification, user.dir=C:\Users\patrik.nikl\Downloads\java-ukol-senior, java.runtime.version=1.8.0_191-b12, java.awt.graphicsenv=sun.awt.Win32GraphicsEnvironment, java.endorsed.dirs=C:\Program Files\Java\jdk1.8.0_191\jre\lib\endorsed, os.arch=amd64, java.io.tmpdir=C:\Users\PATRIK~1.NIK\AppData\Local\Temp\, line.separator=
, java.vm.specification.vendor=Oracle Corporation, user.variant=, os.name=Windows 10, sun.jnu.encoding=Cp1252, java.library.path=C:\Program Files\Java\jdk1.8.0_191\bin;C:\WINDOWS\Sun\Java\bin;C:\WINDOWS\system32;C:\WINDOWS;C:\ProgramData\DockerDesktop\version-bin;C:\Program Files\Docker\Docker\Resources\bin;C:\Python27\;C:\Python27\Scripts;C:\ProgramData\Boxstarter;C:\Program Files (x86)\Common Files\Oracle\Java\javapath;C:\WINDOWS\system32;C:\WINDOWS;C:\WINDOWS\System32\Wbem;C:\WINDOWS\System32\WindowsPowerShell\v1.0\;C:\WINDOWS\System32\OpenSSH\;C:\ProgramData\chocolatey\bin;C:\Program Files\Git\cmd;C:\Program Files\PostgreSQL\11\bin;C:\Program Files\PostgreSQL\11\lib;C:\Program Files\nodejs\;C:\Program Files\Intel\WiFi\bin\;C:\Program Files\Common Files\Intel\WirelessCommon\;C:\WINDOWS\system32;C:\WINDOWS;C:\WINDOWS\System32\Wbem;C:\WINDOWS\System32\WindowsPowerShell\v1.0\;C:\WINDOWS\System32\OpenSSH\;C:\Program Files (x86)\Intel\Intel(R) Management Engine Components\DAL;C:\Program Files\Intel\Intel(R) Management Engine Components\DAL;C:\Program Files\Java\jdk1.8.0_191;C:\Users\patrik.nikl\AppData\Local\Microsoft\WindowsApps;;C:\Program Files\JetBrains\IntelliJ IDEA Community Edition 2018.3\bin;C:\Users\patrik.nikl\AppData\Roaming\npm;%USERPROFILE%\AppData\Local\Microsoft\WindowsApps;., java.specification.name=Java Platform API Specification, java.class.version=52.0, org.gradle.native=false, sun.management.compiler=HotSpot 64-Bit Tiered Compilers, os.version=10.0, user.home=C:\Users\patrik.nikl, user.timezone=Europe/Prague, java.awt.printerjob=sun.awt.windows.WPrinterJob, file.encoding=windows-1252, java.specification.version=1.8, java.class.path=C:\Users\patrik.nikl\Downloads\java-ukol-senior\build\classes\java\test;C:\Users\patrik.nikl\Downloads\java-ukol-senior\build\resources\test;C:\Users\patrik.nikl\Downloads\java-ukol-senior\build\classes\java\main;C:\Users\patrik.nikl\Downloads\java-ukol-senior\build\resources\main;C:\Users\patrik.nikl\.gradle\caches\modules-2\files-2.1\org.springframework.boot\spring-boot-starter-data-jpa\2.0.0.RELEASE\cc7bc2df046149870255d22367f8f7276eb82e98\spring-boot-starter-data-jpa-2.0.0.RELEASE.jar;C:\Users\patrik.nikl\.gradle\caches\modules-2\files-2.1\org.springframework.boot\spring-boot-starter-web\2.0.0.RELEASE\fcb2a9e18f98382e626935841f85ed44d7153615\spring-boot-starter-web-2.0.0.RELEASE.jar;C:\Users\patrik.nikl\.gradle\caches\modules-2\files-2.1\com.h2database\h2\1.4.196\dd0034398d593aa3588c6773faac429bbd9aea0e\h2-1.4.196.jar;C:\Users\patrik.nikl\.gradle\caches\modules-2\files-2.1\org.springframework.boot\spring-boot-starter-test\2.0.0.RELEASE\4ff0e1d9bd315a4a5867e9c6128691cac8b37348\spring-boot-starter-test-2.0.0.RELEASE.jar;C:\Users\patrik.nikl\.gradle\caches\modules-2\files-2.1\com.jayway.jsonpath\json-path\2.4.0\765a4401ceb2dc8d40553c2075eb80a8fa35c2ae\json-path-2.4.0.jar;C:\Users\patrik.nikl\.gradle\caches\modules-2\files-2.1\org.springframework.boot\spring-boot-starter-aop\2.0.0.RELEASE\9afd572ca8de272e6d919d914db5c73cd7d06ea2\spring-boot-starter-aop-2.0.0.RELEASE.jar;C:\Users\patrik.nikl\.gradle\caches\modules-2\files-2.1\org.springframework.boot\spring-boot-starter-jdbc\2.0.0.RELEASE\bfe586f729ed86a421a79ac1b18d4e05acd25d68\spring-boot-starter-jdbc-2.0.0.RELEASE.jar;C:\Users\patrik.nikl\.gradle\caches\modules-2\files-2.1\org.springframework.boot\spring-boot-starter-json\2.0.0.RELEASE\5a09c939d8bd60d7f163c1c0c20a3127ba9fffa\spring-boot-starter-json-2.0.0.RELEASE.jar;C:\Users\patrik.nikl\.gradle\caches\modules-2\files-2.1\org.springframework.boot\spring-boot-starter\2.0.0.RELEASE\6d7d8e4bf053cd1833f3c7dbce676bc274f0892f\spring-boot-starter-2.0.0.RELEASE.jar;C:\Users\patrik.nikl\.gradle\caches\modules-2\files-2.1\org.hibernate\hibernate-core\5.2.14.Final\2132ad4a9fa5088156469ec85306afe574bb8c24\hibernate-core-5.2.14.Final.jar;C:\Users\patrik.nikl\.gradle\caches\modules-2\files-2.1\javax.transaction\javax.transaction-api\1.2\d81aff979d603edd90dcd8db2abc1f4ce6479e3e\javax.transaction-api-1.2.jar;C:\Users\patrik.nikl\.gradle\caches\modules-2\files-2.1\org.springframework.data\spring-data-jpa\2.0.5.RELEASE\51b2e315174e32b4c8a4841a147002555add076c\spring-data-jpa-2.0.5.RELEASE.jar;C:\Users\patrik.nikl\.gradle\caches\modules-2\files-2.1\org.springframework\spring-aspects\5.0.4.RELEASE\454ee13fc4f439065572dd526e81c699d1d61e3e\spring-aspects-5.0.4.RELEASE.jar;C:\Users\patrik.nikl\.gradle\caches\modules-2\files-2.1\org.springframework.boot\spring-boot-starter-tomcat\2.0.0.RELEASE\908bc9de1a7cfa857edf44182d426f6e0d8a3008\spring-boot-starter-tomcat-2.0.0.RELEASE.jar;C:\Users\patrik.nikl\.gradle\caches\modules-2\files-2.1\org.hibernate.validator\hibernate-validator\6.0.7.Final\8b9d9c7ec8c73963ea0fe81912fc67711a4ef76\hibernate-validator-6.0.7.Final.jar;C:\Users\patrik.nikl\.gradle\caches\modules-2\files-2.1\org.springframework\spring-webmvc\5.0.4.RELEASE\addcf1caa22613c474bd6dde8c7134fef940b1f0\spring-webmvc-5.0.4.RELEASE.jar;C:\Users\patrik.nikl\.gradle\caches\modules-2\files-2.1\org.springframework\spring-web\5.0.4.RELEASE\9565bbc67bf1a850a6505deaa5103931712a7b80\spring-web-5.0.4.RELEASE.jar;C:\Users\patrik.nikl\.gradle\caches\modules-2\files-2.1\org.springframework.boot\spring-boot-test-autoconfigure\2.0.0.RELEASE\db0595321e96929d9473cf061f3408972d03c6aa\spring-boot-test-autoconfigure-2.0.0.RELEASE.jar;C:\Users\patrik.nikl\.gradle\caches\modules-2\files-2.1\org.springframework.boot\spring-boot-test\2.0.0.RELEASE\1565e78c2801bd3c7ece0a8ddc08e5ed53676878\spring-boot-test-2.0.0.RELEASE.jar;C:\Users\patrik.nikl\.gradle\caches\modules-2\files-2.1\junit\junit\4.12\2973d150c0dc1fefe998f834810d68f278ea58ec\junit-4.12.jar;C:\Users\patrik.nikl\.gradle\caches\modules-2\files-2.1\org.assertj\assertj-core\3.9.1\c5ce126b15f28d56cd8f960c1a6a058b9c9aea87\assertj-core-3.9.1.jar;C:\Users\patrik.nikl\.gradle\caches\modules-2\files-2.1\org.mockito\mockito-core\2.15.0\b84bfbbc29cd22c9529409627af6ea2897f4fa85\mockito-core-2.15.0.jar;C:\Users\patrik.nikl\.gradle\caches\modules-2\files-2.1\org.hamcrest\hamcrest-library\1.3\4785a3c21320980282f9f33d0d1264a69040538f\hamcrest-library-1.3.jar;C:\Users\patrik.nikl\.gradle\caches\modules-2\files-2.1\org.hamcrest\hamcrest-core\1.3\42a25dc3219429f0e5d060061f71acb49bf010a0\hamcrest-core-1.3.jar;C:\Users\patrik.nikl\.gradle\caches\modules-2\files-2.1\org.skyscreamer\jsonassert\1.5.0\6c9d5fe2f59da598d9aefc1cfc6528ff3cf32df3\jsonassert-1.5.0.jar;C:\Users\patrik.nikl\.gradle\caches\modules-2\files-2.1\org.springframework\spring-test\5.0.4.RELEASE\3fc10b6535a113593fa8780951465012a7677e21\spring-test-5.0.4.RELEASE.jar;C:\Users\patrik.nikl\.gradle\caches\modules-2\files-2.1\org.springframework.boot\spring-boot-autoconfigure\2.0.0.RELEASE\c89896a469ecf92996ecba40755919896ace5470\spring-boot-autoconfigure-2.0.0.RELEASE.jar;C:\Users\patrik.nikl\.gradle\caches\modules-2\files-2.1\org.springframework.boot\spring-boot\2.0.0.RELEASE\771da2071ff14a47f108642a641c204ae4ef7b15\spring-boot-2.0.0.RELEASE.jar;C:\Users\patrik.nikl\.gradle\caches\modules-2\files-2.1\org.springframework\spring-orm\5.0.4.RELEASE\dc83e08ecdb4ab28339f87358b53d75b4a8d1b9\spring-orm-5.0.4.RELEASE.jar;C:\Users\patrik.nikl\.gradle\caches\modules-2\files-2.1\org.springframework\spring-jdbc\5.0.4.RELEASE\6b5ac0db11d81d6319ebd0bb253b2f01713df3ab\spring-jdbc-5.0.4.RELEASE.jar;C:\Users\patrik.nikl\.gradle\caches\modules-2\files-2.1\org.springframework.data\spring-data-commons\2.0.5.RELEASE\f5357c650f63f3a187d3d4086a9e9132f33851a6\spring-data-commons-2.0.5.RELEASE.jar;C:\Users\patrik.nikl\.gradle\caches\modules-2\files-2.1\org.springframework\spring-context\5.0.4.RELEASE\3e76d08c851113077642c5704f0f94d5ce58e905\spring-context-5.0.4.RELEASE.jar;C:\Users\patrik.nikl\.gradle\caches\modules-2\files-2.1\org.springframework\spring-tx\5.0.4.RELEASE\7afc193c5d2b812ee6d2ccaf6fcc81fb83bfb4a7\spring-tx-5.0.4.RELEASE.jar;C:\Users\patrik.nikl\.gradle\caches\modules-2\files-2.1\org.springframework\spring-aop\5.0.4.RELEASE\f8e029e54c0267dadb6b9f713f3feb54ec4f3a0e\spring-aop-5.0.4.RELEASE.jar;C:\Users\patrik.nikl\.gradle\caches\modules-2\files-2.1\org.springframework\spring-beans\5.0.4.RELEASE\7a8c3d48d4c33621e64d1399721d8e067450fcbd\spring-beans-5.0.4.RELEASE.jar;C:\Users\patrik.nikl\.gradle\caches\modules-2\files-2.1\org.springframework\spring-expression\5.0.4.RELEASE\4bda161f2e34c1486f2527a23eb47293567f473c\spring-expression-5.0.4.RELEASE.jar;C:\Users\patrik.nikl\.gradle\caches\modules-2\files-2.1\org.springframework\spring-core\5.0.4.RELEASE\2221a957b5561a34f044350ba4e30ef5870254a3\spring-core-5.0.4.RELEASE.jar;C:\Users\patrik.nikl\.gradle\caches\modules-2\files-2.1\org.xmlunit\xmlunit-core\2.5.1\4ffdb346572a7356f7521cd3119ce5287d2e339d\xmlunit-core-2.5.1.jar;C:\Users\patrik.nikl\.gradle\caches\modules-2\files-2.1\net.minidev\json-smart\2.3\7396407491352ce4fa30de92efb158adb76b5b\json-smart-2.3.jar;C:\Users\patrik.nikl\.gradle\caches\modules-2\files-2.1\com.zaxxer\HikariCP\2.7.8\4a3a604fa2efa89621aa498d04e000b2bed90c39\HikariCP-2.7.8.jar;C:\Users\patrik.nikl\.gradle\caches\modules-2\files-2.1\org.springframework.boot\spring-boot-starter-logging\2.0.0.RELEASE\fe939b71659ef1f98a53cce0b5bcf771685cf6a6\spring-boot-starter-logging-2.0.0.RELEASE.jar;C:\Users\patrik.nikl\.gradle\caches\modules-2\files-2.1\ch.qos.logback\logback-classic\1.2.3\7c4f3c474fb2c041d8028740440937705ebb473a\logback-classic-1.2.3.jar;C:\Users\patrik.nikl\.gradle\caches\modules-2\files-2.1\org.apache.logging.log4j\log4j-to-slf4j\2.10.0\f7e631ccf49cfc0aefa4a2a728da7d374c05bd3c\log4j-to-slf4j-2.10.0.jar;C:\Users\patrik.nikl\.gradle\caches\modules-2\files-2.1\org.slf4j\jul-to-slf4j\1.7.25\af5364cd6679bfffb114f0dec8a157aaa283b76\jul-to-slf4j-1.7.25.jar;C:\Users\patrik.nikl\.gradle\caches\modules-2\files-2.1\org.slf4j\slf4j-api\1.7.25\da76ca59f6a57ee3102f8f9bd9cee742973efa8a\slf4j-api-1.7.25.jar;C:\Users\patrik.nikl\.gradle\caches\modules-2\files-2.1\javax.annotation\javax.annotation-api\1.3.2\934c04d3cfef185a8008e7bf34331b79730a9d43\javax.annotation-api-1.3.2.jar;C:\Users\patrik.nikl\.gradle\caches\modules-2\files-2.1\org.yaml\snakeyaml\1.19\2d998d3d674b172a588e54ab619854d073f555b5\snakeyaml-1.19.jar;C:\Users\patrik.nikl\.gradle\caches\modules-2\files-2.1\org.aspectj\aspectjweaver\1.8.13\ad94df2a28d658a40dc27bbaff6a1ce5fbf04e9b\aspectjweaver-1.8.13.jar;C:\Users\patrik.nikl\.gradle\caches\modules-2\files-2.1\org.hibernate.common\hibernate-commons-annotations\5.0.1.Final\71e1cff3fcb20d3b3af4f3363c3ddb24d33c6879\hibernate-commons-annotations-5.0.1.Final.jar;C:\Users\patrik.nikl\.gradle\caches\modules-2\files-2.1\org.jboss.logging\jboss-logging\3.3.2.Final\3789d00e859632e6c6206adc0c71625559e6e3b0\jboss-logging-3.3.2.Final.jar;C:\Users\patrik.nikl\.gradle\caches\modules-2\files-2.1\org.hibernate.javax.persistence\hibernate-jpa-2.1-api\1.0.0.Final\5e731d961297e5a07290bfaf3db1fbc8bbbf405a\hibernate-jpa-2.1-api-1.0.0.Final.jar;C:\Users\patrik.nikl\.gradle\caches\modules-2\files-2.1\org.javassist\javassist\3.22.0-GA\3e83394258ae2089be7219b971ec21a8288528ad\javassist-3.22.0-GA.jar;C:\Users\patrik.nikl\.gradle\caches\modules-2\files-2.1\antlr\antlr\2.7.7\83cd2cd674a217ade95a4bb83a8a14f351f48bd0\antlr-2.7.7.jar;C:\Users\patrik.nikl\.gradle\caches\modules-2\files-2.1\org.jboss\jandex\2.0.3.Final\bfc4d6257dbff7a33a357f0de116be6ff951d849\jandex-2.0.3.Final.jar;C:\Users\patrik.nikl\.gradle\caches\modules-2\files-2.1\com.fasterxml\classmate\1.3.4\3d5f48f10bbe4eb7bd862f10c0583be2e0053c6\classmate-1.3.4.jar;C:\Users\patrik.nikl\.gradle\caches\modules-2\files-2.1\dom4j\dom4j\1.6.1\5d3ccc056b6f056dbf0dddfdf43894b9065a8f94\dom4j-1.6.1.jar;C:\Users\patrik.nikl\.gradle\caches\modules-2\files-2.1\com.fasterxml.jackson.datatype\jackson-datatype-jdk8\2.9.4\63ac052d52a70a15820d3dc07ea757826fd51d40\jackson-datatype-jdk8-2.9.4.jar;C:\Users\patrik.nikl\.gradle\caches\modules-2\files-2.1\com.fasterxml.jackson.datatype\jackson-datatype-jsr310\2.9.4\12d52679a6615c7972ea25bd8ebb60b191fe79b7\jackson-datatype-jsr310-2.9.4.jar;C:\Users\patrik.nikl\.gradle\caches\modules-2\files-2.1\com.fasterxml.jackson.module\jackson-module-parameter-names\2.9.4\5833c819877c3e85bad847f4d2fa4e70379217c6\jackson-module-parameter-names-2.9.4.jar;C:\Users\patrik.nikl\.gradle\caches\modules-2\files-2.1\com.fasterxml.jackson.core\jackson-databind\2.9.4\498bbc3b94f566982c7f7c6d4d303fce365529be\jackson-databind-2.9.4.jar;C:\Users\patrik.nikl\.gradle\caches\modules-2\files-2.1\org.apache.tomcat.embed\tomcat-embed-websocket\8.5.28\8a5a48740dd80cad644ceb541e77fd8e0809e3b7\tomcat-embed-websocket-8.5.28.jar;C:\Users\patrik.nikl\.gradle\caches\modules-2\files-2.1\org.apache.tomcat.embed\tomcat-embed-core\8.5.28\b684c98cf77c6528079c4e59fc1feeb218bf82f1\tomcat-embed-core-8.5.28.jar;C:\Users\patrik.nikl\.gradle\caches\modules-2\files-2.1\org.apache.tomcat.embed\tomcat-embed-el\8.5.28\75745598f60646ccf0c4b105468a9c8be9b8432e\tomcat-embed-el-8.5.28.jar;C:\Users\patrik.nikl\.gradle\caches\modules-2\files-2.1\javax.validation\validation-api\2.0.1.Final\cb855558e6271b1b32e716d24cb85c7f583ce09e\validation-api-2.0.1.Final.jar;C:\Users\patrik.nikl\.gradle\caches\modules-2\files-2.1\net.bytebuddy\byte-buddy\1.7.10\3c8ec287c0a5bd04b1e3f11723bc46a50346602b\byte-buddy-1.7.10.jar;C:\Users\patrik.nikl\.gradle\caches\modules-2\files-2.1\net.bytebuddy\byte-buddy-agent\1.7.10\9b092a8fb9112b89f6cb23fc929cfb931b14007b\byte-buddy-agent-1.7.10.jar;C:\Users\patrik.nikl\.gradle\caches\modules-2\files-2.1\org.objenesis\objenesis\2.6\639033469776fd37c08358c6b92a4761feb2af4b\objenesis-2.6.jar;C:\Users\patrik.nikl\.gradle\caches\modules-2\files-2.1\com.vaadin.external.google\android-json\0.0.20131108.vaadin1\fa26d351fe62a6a17f5cda1287c1c6110dec413f\android-json-0.0.20131108.vaadin1.jar;C:\Users\patrik.nikl\.gradle\caches\modules-2\files-2.1\org.springframework\spring-jcl\5.0.4.RELEASE\3053e2bad0a18571bdbb9596ce51f9d458f5934f\spring-jcl-5.0.4.RELEASE.jar;C:\Users\patrik.nikl\.gradle\caches\modules-2\files-2.1\net.minidev\accessors-smart\1.2\c592b500269bfde36096641b01238a8350f8aa31\accessors-smart-1.2.jar;C:\Users\patrik.nikl\.gradle\caches\modules-2\files-2.1\com.fasterxml.jackson.core\jackson-annotations\2.9.0\7c10d545325e3a6e72e06381afe469fd40eb701\jackson-annotations-2.9.0.jar;C:\Users\patrik.nikl\.gradle\caches\modules-2\files-2.1\com.fasterxml.jackson.core\jackson-core\2.9.4\a9a71ec1aa37da47db168fede9a4a5fb5e374320\jackson-core-2.9.4.jar;C:\Users\patrik.nikl\.gradle\caches\modules-2\files-2.1\org.ow2.asm\asm\5.0.4\da08b8cce7bbf903602a25a3a163ae252435795\asm-5.0.4.jar;C:\Users\patrik.nikl\.gradle\caches\modules-2\files-2.1\ch.qos.logback\logback-core\1.2.3\864344400c3d4d92dfeb0a305dc87d953677c03c\logback-core-1.2.3.jar;C:\Users\patrik.nikl\.gradle\caches\modules-2\files-2.1\org.apache.logging.log4j\log4j-api\2.10.0\fec5797a55b786184a537abd39c3fa1449d752d6\log4j-api-2.10.0.jar, user.name=patrik.nikl, java.vm.specification.version=1.8, sun.java.command=worker.org.gradle.process.internal.worker.GradleWorkerMain 'Gradle Test Executor 1', java.home=C:\Program Files\Java\jdk1.8.0_191\jre, sun.arch.data.model=64, user.language=en, java.specification.vendor=Oracle Corporation, awt.toolkit=sun.awt.windows.WToolkit, java.vm.info=mixed mode, java.version=1.8.0_191, java.ext.dirs=C:\Program Files\Java\jdk1.8.0_191\jre\lib\ext;C:\WINDOWS\Sun\Java\lib\ext, sun.boot.class.path=C:\Program Files\Java\jdk1.8.0_191\jre\lib\resources.jar;C:\Program Files\Java\jdk1.8.0_191\jre\lib\rt.jar;C:\Program Files\Java\jdk1.8.0_191\jre\lib\sunrsasign.jar;C:\Program Files\Java\jdk1.8.0_191\jre\lib\jsse.jar;C:\Program Files\Java\jdk1.8.0_191\jre\lib\jce.jar;C:\Program Files\Java\jdk1.8.0_191\jre\lib\charsets.jar;C:\Program Files\Java\jdk1.8.0_191\jre\lib\jfr.jar;C:\Program Files\Java\jdk1.8.0_191\jre\classes, java.vendor=Oracle Corporation, org.gradle.test.worker=1, file.separator=\, java.vendor.url.bug=http://bugreport.sun.com/bugreport/, sun.io.unicode.encoding=UnicodeLittle, sun.cpu.endian=little, sun.desktop=windows, sun.cpu.isalist=amd64}}, SystemEnvironmentPropertySource@1970045352 {name='systemEnvironment', properties={USERDOMAIN_ROAMINGPROFILE=ARTIN, PROCESSOR_LEVEL=6, RegionCode=EMEA, SESSIONNAME=Console, ALLUSERSPROFILE=C:\ProgramData, PROCESSOR_ARCHITECTURE=AMD64, PSModulePath=C:\Users\patrik.nikl\Documents\WindowsPowerShell\Modules, __INTELLIJ_COMMAND_HISTFILE__=C:\Users\patrik.nikl\.IdeaIC2018.3\config\terminal\history\history-4, SystemDrive=C:, DIRNAME=C:\Users\patrik.nikl\Downloads\java-ukol-senior\, USERNAME=patrik.nikl, USERDNSDOMAIN=ARTIN.LAN, CMD_LINE_ARGS=build, ProgramFiles(x86)=C:\Program Files (x86), APP_HOME=C:\Users\patrik.nikl\Downloads\java-ukol-senior\, PATHEXT=.COM;.EXE;.BAT;.CMD;.VBS;.VBE;.JS;.JSE;.WSF;.WSH;.MSC, DriverData=C:\Windows\System32\Drivers\DriverData, IntelliJ IDEA Community Edition=C:\Program Files\JetBrains\IntelliJ IDEA Community Edition 2018.3\bin;, LIBTHAI_DICTDIR=C:\Program Files\GIMP 2\share\libthai, platformcode=AN, ProgramData=C:\ProgramData, ProgramW6432=C:\Program Files, HOMEPATH=\Users\patrik.nikl, PROCESSOR_IDENTIFIER=Intel64 Family 6 Model 142 Stepping 9, GenuineIntel, ProgramFiles=C:\Program Files, PUBLIC=C:\Users\Public, windir=C:\WINDOWS, _SKIP=2, LOCALAPPDATA=C:\Users\patrik.nikl\AppData\Local, ChocolateyLastPathUpdate=Wed Nov 21 17:37:11 2018, PROJECT_DIR=C:/Users/patrik.nikl/Downloads/java-ukol-senior, USERDOMAIN=ARTIN, LOGONSERVER=\\LAR0102, JAVA_HOME=C:\Program Files\Java\jdk1.8.0_191, PROMPT=$P$G, TIMEMISSION_HOME=C:\apps\home-template, OneDrive=C:\Users\patrik.nikl\OneDrive, =C:=C:\Users\patrik.nikl\Downloads\java-ukol-senior, APPDATA=C:\Users\patrik.nikl\AppData\Roaming, JAVA_EXE=C:\Program Files\Java\jdk1.8.0_191/bin/java.exe, ChocolateyInstall=C:\ProgramData\chocolatey, CommonProgramFiles=C:\Program Files\Common Files, Path=C:\ProgramData\DockerDesktop\version-bin;C:\Program Files\Docker\Docker\Resources\bin;C:\Python27\;C:\Python27\Scripts;C:\ProgramData\Boxstarter;C:\Program Files (x86)\Common Files\Oracle\Java\javapath;C:\WINDOWS\system32;C:\WINDOWS;C:\WINDOWS\System32\Wbem;C:\WINDOWS\System32\WindowsPowerShell\v1.0\;C:\WINDOWS\System32\OpenSSH\;C:\ProgramData\chocolatey\bin;C:\Program Files\Git\cmd;C:\Program Files\PostgreSQL\11\bin;C:\Program Files\PostgreSQL\11\lib;C:\Program Files\nodejs\;C:\Program Files\Intel\WiFi\bin\;C:\Program Files\Common Files\Intel\WirelessCommon\;C:\WINDOWS\system32;C:\WINDOWS;C:\WINDOWS\System32\Wbem;C:\WINDOWS\System32\WindowsPowerShell\v1.0\;C:\WINDOWS\System32\OpenSSH\;C:\Program Files (x86)\Intel\Intel(R) Management Engine Components\DAL;C:\Program Files\Intel\Intel(R) Management Engine Components\DAL;C:\Program Files\Java\jdk1.8.0_191;C:\Users\patrik.nikl\AppData\Local\Microsoft\WindowsApps;;C:\Program Files\JetBrains\IntelliJ IDEA Community Edition 2018.3\bin;C:\Users\patrik.nikl\AppData\Roaming\npm;%USERPROFILE%\AppData\Local\Microsoft\WindowsApps, OS=Windows_NT, COMPUTERNAME=ANTB1708, PTSMINSTALLPATH=c:\Program Files (x86)\HP\HP ProtectTools Security Manager\Bin\, OnlineServices=Online Services, PROCESSOR_REVISION=8e09, CLASSPATH=C:\Users\patrik.nikl\Downloads\java-ukol-senior\\gradle\wrapper\gradle-wrapper.jar, CommonProgramW6432=C:\Program Files\Common Files, ComSpec=C:\WINDOWS\system32\cmd.exe, APP_BASE_NAME=gradlew, PTSMINSTALLPATH_X86=c:\Program Files (x86)\HP\HP ProtectTools Security Manager\Bin\, TERMINAL_EMULATOR=JetBrains-JediTerm, SystemRoot=C:\WINDOWS, TEMP=C:\Users\PATRIK~1.NIK\AppData\Local\Temp, HOMEDRIVE=C:, USERPROFILE=C:\Users\patrik.nikl, TMP=C:\Users\PATRIK~1.NIK\AppData\Local\Temp, CommonProgramFiles(x86)=C:\Program Files (x86)\Common Files, NUMBER_OF_PROCESSORS=4}}]
18:32:22.739 [Test worker] DEBUG org.springframework.core.io.support.PathMatchingResourcePatternResolver - Resolved classpath location [com/etnetera/hr/] to resources [URL [file:/C:/Users/patrik.nikl/Downloads/java-ukol-senior/build/classes/java/test/com/etnetera/hr/], URL [file:/C:/Users/patrik.nikl/Downloads/java-ukol-senior/build/classes/java/main/com/etnetera/hr/]]
18:32:22.740 [Test worker] DEBUG org.springframework.core.io.support.PathMatchingResourcePatternResolver - Looking for matching resources in directory tree [C:\Users\patrik.nikl\Downloads\java-ukol-senior\build\classes\java\test\com\etnetera\hr]
18:32:22.740 [Test worker] DEBUG org.springframework.core.io.support.PathMatchingResourcePatternResolver - Searching directory [C:\Users\patrik.nikl\Downloads\java-ukol-senior\build\classes\java\test\com\etnetera\hr] for files matching pattern [C:/Users/patrik.nikl/Downloads/java-ukol-senior/build/classes/java/test/com/etnetera/hr/*.class]
18:32:22.744 [Test worker] DEBUG org.springframework.core.io.support.PathMatchingResourcePatternResolver - Looking for matching resources in directory tree [C:\Users\patrik.nikl\Downloads\java-ukol-senior\build\classes\java\main\com\etnetera\hr]
18:32:22.744 [Test worker] DEBUG org.springframework.core.io.support.PathMatchingResourcePatternResolver - Searching directory [C:\Users\patrik.nikl\Downloads\java-ukol-senior\build\classes\java\main\com\etnetera\hr] for files matching pattern [C:/Users/patrik.nikl/Downloads/java-ukol-senior/build/classes/java/main/com/etnetera/hr/*.class]
18:32:22.745 [Test worker] DEBUG org.springframework.core.io.support.PathMatchingResourcePatternResolver - Resolved location pattern [classpath*:com/etnetera/hr/*.class] to resources [file [C:\Users\patrik.nikl\Downloads\java-ukol-senior\build\classes\java\test\com\etnetera\hr\JavaScriptFrameworkTests.class], file [C:\Users\patrik.nikl\Downloads\java-ukol-senior\build\classes\java\main\com\etnetera\hr\Application.class]]
18:32:22.794 [Test worker] DEBUG org.springframework.context.annotation.ClassPathScanningCandidateComponentProvider - Identified candidate component class: file [C:\Users\patrik.nikl\Downloads\java-ukol-senior\build\classes\java\main\com\etnetera\hr\Application.class]
18:32:22.796 [Test worker] INFO org.springframework.boot.test.context.SpringBootTestContextBootstrapper - Found @SpringBootConfiguration com.etnetera.hr.Application for test class com.etnetera.hr.JavaScriptFrameworkTests
18:32:22.926 [Test worker] DEBUG org.springframework.boot.test.context.SpringBootTestContextBootstrapper - @TestExecutionListeners is not present for class [com.etnetera.hr.JavaScriptFrameworkTests]: using defaults.
18:32:22.927 [Test worker] INFO org.springframework.boot.test.context.SpringBootTestContextBootstrapper - Loaded default TestExecutionListener class names from location [META-INF/spring.factories]: [org.springframework.boot.test.autoconfigure.restdocs.RestDocsTestExecutionListener, org.springframework.boot.test.autoconfigure.web.client.MockRestServiceServerResetTestExecutionListener, org.springframework.boot.test.autoconfigure.web.servlet.MockMvcPrintOnlyOnFailureTestExecutionListener, org.springframework.boot.test.autoconfigure.web.servlet.WebDriverTestExecutionListener, org.springframework.boot.test.mock.mockito.MockitoTestExecutionListener, org.springframework.boot.test.mock.mockito.ResetMocksTestExecutionListener, org.springframework.test.context.web.ServletTestExecutionListener, org.springframework.test.context.support.DirtiesContextBeforeModesTestExecutionListener, org.springframework.test.context.support.DependencyInjectionTestExecutionListener, org.springframework.test.context.support.DirtiesContextTestExecutionListener, org.springframework.test.context.transaction.TransactionalTestExecutionListener, org.springframework.test.context.jdbc.SqlScriptsTestExecutionListener]
18:32:22.948 [Test worker] INFO org.springframework.boot.test.context.SpringBootTestContextBootstrapper - Using TestExecutionListeners: [org.springframework.test.context.web.ServletTestExecutionListener@450fd58, org.springframework.test.context.support.DirtiesContextBeforeModesTestExecutionListener@18b00628, org.springframework.boot.test.mock.mockito.MockitoTestExecutionListener@50f8b04b, org.springframework.boot.test.autoconfigure.SpringBootDependencyInjectionTestExecutionListener@78292e89, org.springframework.test.context.support.DirtiesContextTestExecutionListener@7b90b6e9, org.springframework.test.context.transaction.TransactionalTestExecutionListener@63096ef5, org.springframework.test.context.jdbc.SqlScriptsTestExecutionListener@7666e037, org.springframework.boot.test.autoconfigure.restdocs.RestDocsTestExecutionListener@478ac514, org.springframework.boot.test.autoconfigure.web.client.MockRestServiceServerResetTestExecutionListener@39d314f2, org.springframework.boot.test.autoconfigure.web.servlet.MockMvcPrintOnlyOnFailureTestExecutionListener@1105abfb, org.springframework.boot.test.autoconfigure.web.servlet.WebDriverTestExecutionListener@50a386b4, org.springframework.boot.test.mock.mockito.ResetMocksTestExecutionListener@41104bd1]
18:32:22.951 [Test worker] DEBUG org.springframework.test.annotation.ProfileValueUtils - Retrieved @ProfileValueSourceConfiguration [null] for test class [com.etnetera.hr.JavaScriptFrameworkTests]
18:32:22.951 [Test worker] DEBUG org.springframework.test.annotation.ProfileValueUtils - Retrieved ProfileValueSource type [class org.springframework.test.annotation.SystemProfileValueSource] for class [com.etnetera.hr.JavaScriptFrameworkTests]
18:32:22.952 [Test worker] DEBUG org.springframework.test.annotation.ProfileValueUtils - Retrieved @ProfileValueSourceConfiguration [null] for test class [com.etnetera.hr.JavaScriptFrameworkTests]
18:32:22.952 [Test worker] DEBUG org.springframework.test.annotation.ProfileValueUtils - Retrieved ProfileValueSource type [class org.springframework.test.annotation.SystemProfileValueSource] for class [com.etnetera.hr.JavaScriptFrameworkTests]
18:32:22.957 [Test worker] DEBUG org.springframework.test.context.support.AbstractDirtiesContextTestExecutionListener - Before test class: context [DefaultTestContext@1a9b5194 testClass = JavaScriptFrameworkTests, testInstance = [null], testMethod = [null], testException = [null], mergedContextConfiguration = [WebMergedContextConfiguration@5d917b59 testClass = JavaScriptFrameworkTests, locations = '{}', classes = '{class com.etnetera.hr.Application}', contextInitializerClasses = '[]', activeProfiles = '{}', propertySourceLocations = '{}', propertySourceProperties = '{org.springframework.boot.test.context.SpringBootTestContextBootstrapper=true}', contextCustomizers = set[org.springframework.boot.test.autoconfigure.properties.PropertyMappingContextCustomizer@0, org.springframework.boot.test.autoconfigure.web.servlet.WebDriverContextCustomizerFactory$Customizer@3af1c3fd, org.springframework.boot.test.context.filter.ExcludeFilterContextCustomizer@4228ff08, org.springframework.boot.test.json.DuplicateJsonObjectContextCustomizerFactory$DuplicateJsonObjectContextCustomizer@15f8ef61, org.springframework.boot.test.mock.mockito.MockitoContextCustomizer@0, org.springframework.boot.test.web.client.TestRestTemplateContextCustomizer@712d233b], resourceBasePath = 'src/main/webapp', contextLoader = 'org.springframework.boot.test.context.SpringBootContextLoader', parent = [null]], attributes = map['org.springframework.test.context.web.ServletTestExecutionListener.activateListener' -> true]], class annotated with @DirtiesContext [false] with mode [null].
18:32:22.958 [Test worker] DEBUG org.springframework.test.annotation.ProfileValueUtils - Retrieved @ProfileValueSourceConfiguration [null] for test class [com.etnetera.hr.JavaScriptFrameworkTests]
18:32:22.958 [Test worker] DEBUG org.springframework.test.annotation.ProfileValueUtils - Retrieved ProfileValueSource type [class org.springframework.test.annotation.SystemProfileValueSource] for class [com.etnetera.hr.JavaScriptFrameworkTests]
18:32:22.979 [Test worker] DEBUG org.springframework.core.env.StandardEnvironment - Adding PropertySource 'systemProperties' with lowest search precedence
18:32:22.979 [Test worker] DEBUG org.springframework.core.env.StandardEnvironment - Adding PropertySource 'systemEnvironment' with lowest search precedence
18:32:22.980 [Test worker] DEBUG org.springframework.core.env.StandardEnvironment - Initialized StandardEnvironment with PropertySources [MapPropertySource@1438353739 {name='systemProperties', properties={java.runtime.name=Java(TM) SE Runtime Environment, sun.boot.library.path=C:\Program Files\Java\jdk1.8.0_191\jre\bin, java.vm.version=25.191-b12, java.vm.vendor=Oracle Corporation, java.vendor.url=http://java.oracle.com/, path.separator=;, java.vm.name=Java HotSpot(TM) 64-Bit Server VM, file.encoding.pkg=sun.io, user.script=, sun.java.launcher=SUN_STANDARD, user.country=GB, sun.os.patch.level=, java.vm.specification.name=Java Virtual Machine Specification, user.dir=C:\Users\patrik.nikl\Downloads\java-ukol-senior, java.runtime.version=1.8.0_191-b12, java.awt.graphicsenv=sun.awt.Win32GraphicsEnvironment, java.endorsed.dirs=C:\Program Files\Java\jdk1.8.0_191\jre\lib\endorsed, os.arch=amd64, java.io.tmpdir=C:\Users\PATRIK~1.NIK\AppData\Local\Temp\, line.separator=
, java.vm.specification.vendor=Oracle Corporation, user.variant=, os.name=Windows 10, sun.jnu.encoding=Cp1252, java.library.path=C:\Program Files\Java\jdk1.8.0_191\bin;C:\WINDOWS\Sun\Java\bin;C:\WINDOWS\system32;C:\WINDOWS;C:\ProgramData\DockerDesktop\version-bin;C:\Program Files\Docker\Docker\Resources\bin;C:\Python27\;C:\Python27\Scripts;C:\ProgramData\Boxstarter;C:\Program Files (x86)\Common Files\Oracle\Java\javapath;C:\WINDOWS\system32;C:\WINDOWS;C:\WINDOWS\System32\Wbem;C:\WINDOWS\System32\WindowsPowerShell\v1.0\;C:\WINDOWS\System32\OpenSSH\;C:\ProgramData\chocolatey\bin;C:\Program Files\Git\cmd;C:\Program Files\PostgreSQL\11\bin;C:\Program Files\PostgreSQL\11\lib;C:\Program Files\nodejs\;C:\Program Files\Intel\WiFi\bin\;C:\Program Files\Common Files\Intel\WirelessCommon\;C:\WINDOWS\system32;C:\WINDOWS;C:\WINDOWS\System32\Wbem;C:\WINDOWS\System32\WindowsPowerShell\v1.0\;C:\WINDOWS\System32\OpenSSH\;C:\Program Files (x86)\Intel\Intel(R) Management Engine Components\DAL;C:\Program Files\Intel\Intel(R) Management Engine Components\DAL;C:\Program Files\Java\jdk1.8.0_191;C:\Users\patrik.nikl\AppData\Local\Microsoft\WindowsApps;;C:\Program Files\JetBrains\IntelliJ IDEA Community Edition 2018.3\bin;C:\Users\patrik.nikl\AppData\Roaming\npm;%USERPROFILE%\AppData\Local\Microsoft\WindowsApps;., java.specification.name=Java Platform API Specification, java.class.version=52.0, org.gradle.native=false, sun.management.compiler=HotSpot 64-Bit Tiered Compilers, os.version=10.0, user.home=C:\Users\patrik.nikl, user.timezone=Europe/Prague, java.awt.printerjob=sun.awt.windows.WPrinterJob, file.encoding=windows-1252, java.specification.version=1.8, java.class.path=C:\Users\patrik.nikl\Downloads\java-ukol-senior\build\classes\java\test;C:\Users\patrik.nikl\Downloads\java-ukol-senior\build\resources\test;C:\Users\patrik.nikl\Downloads\java-ukol-senior\build\classes\java\main;C:\Users\patrik.nikl\Downloads\java-ukol-senior\build\resources\main;C:\Users\patrik.nikl\.gradle\caches\modules-2\files-2.1\org.springframework.boot\spring-boot-starter-data-jpa\2.0.0.RELEASE\cc7bc2df046149870255d22367f8f7276eb82e98\spring-boot-starter-data-jpa-2.0.0.RELEASE.jar;C:\Users\patrik.nikl\.gradle\caches\modules-2\files-2.1\org.springframework.boot\spring-boot-starter-web\2.0.0.RELEASE\fcb2a9e18f98382e626935841f85ed44d7153615\spring-boot-starter-web-2.0.0.RELEASE.jar;C:\Users\patrik.nikl\.gradle\caches\modules-2\files-2.1\com.h2database\h2\1.4.196\dd0034398d593aa3588c6773faac429bbd9aea0e\h2-1.4.196.jar;C:\Users\patrik.nikl\.gradle\caches\modules-2\files-2.1\org.springframework.boot\spring-boot-starter-test\2.0.0.RELEASE\4ff0e1d9bd315a4a5867e9c6128691cac8b37348\spring-boot-starter-test-2.0.0.RELEASE.jar;C:\Users\patrik.nikl\.gradle\caches\modules-2\files-2.1\com.jayway.jsonpath\json-path\2.4.0\765a4401ceb2dc8d40553c2075eb80a8fa35c2ae\json-path-2.4.0.jar;C:\Users\patrik.nikl\.gradle\caches\modules-2\files-2.1\org.springframework.boot\spring-boot-starter-aop\2.0.0.RELEASE\9afd572ca8de272e6d919d914db5c73cd7d06ea2\spring-boot-starter-aop-2.0.0.RELEASE.jar;C:\Users\patrik.nikl\.gradle\caches\modules-2\files-2.1\org.springframework.boot\spring-boot-starter-jdbc\2.0.0.RELEASE\bfe586f729ed86a421a79ac1b18d4e05acd25d68\spring-boot-starter-jdbc-2.0.0.RELEASE.jar;C:\Users\patrik.nikl\.gradle\caches\modules-2\files-2.1\org.springframework.boot\spring-boot-starter-json\2.0.0.RELEASE\5a09c939d8bd60d7f163c1c0c20a3127ba9fffa\spring-boot-starter-json-2.0.0.RELEASE.jar;C:\Users\patrik.nikl\.gradle\caches\modules-2\files-2.1\org.springframework.boot\spring-boot-starter\2.0.0.RELEASE\6d7d8e4bf053cd1833f3c7dbce676bc274f0892f\spring-boot-starter-2.0.0.RELEASE.jar;C:\Users\patrik.nikl\.gradle\caches\modules-2\files-2.1\org.hibernate\hibernate-core\5.2.14.Final\2132ad4a9fa5088156469ec85306afe574bb8c24\hibernate-core-5.2.14.Final.jar;C:\Users\patrik.nikl\.gradle\caches\modules-2\files-2.1\javax.transaction\javax.transaction-api\1.2\d81aff979d603edd90dcd8db2abc1f4ce6479e3e\javax.transaction-api-1.2.jar;C:\Users\patrik.nikl\.gradle\caches\modules-2\files-2.1\org.springframework.data\spring-data-jpa\2.0.5.RELEASE\51b2e315174e32b4c8a4841a147002555add076c\spring-data-jpa-2.0.5.RELEASE.jar;C:\Users\patrik.nikl\.gradle\caches\modules-2\files-2.1\org.springframework\spring-aspects\5.0.4.RELEASE\454ee13fc4f439065572dd526e81c699d1d61e3e\spring-aspects-5.0.4.RELEASE.jar;C:\Users\patrik.nikl\.gradle\caches\modules-2\files-2.1\org.springframework.boot\spring-boot-starter-tomcat\2.0.0.RELEASE\908bc9de1a7cfa857edf44182d426f6e0d8a3008\spring-boot-starter-tomcat-2.0.0.RELEASE.jar;C:\Users\patrik.nikl\.gradle\caches\modules-2\files-2.1\org.hibernate.validator\hibernate-validator\6.0.7.Final\8b9d9c7ec8c73963ea0fe81912fc67711a4ef76\hibernate-validator-6.0.7.Final.jar;C:\Users\patrik.nikl\.gradle\caches\modules-2\files-2.1\org.springframework\spring-webmvc\5.0.4.RELEASE\addcf1caa22613c474bd6dde8c7134fef940b1f0\spring-webmvc-5.0.4.RELEASE.jar;C:\Users\patrik.nikl\.gradle\caches\modules-2\files-2.1\org.springframework\spring-web\5.0.4.RELEASE\9565bbc67bf1a850a6505deaa5103931712a7b80\spring-web-5.0.4.RELEASE.jar;C:\Users\patrik.nikl\.gradle\caches\modules-2\files-2.1\org.springframework.boot\spring-boot-test-autoconfigure\2.0.0.RELEASE\db0595321e96929d9473cf061f3408972d03c6aa\spring-boot-test-autoconfigure-2.0.0.RELEASE.jar;C:\Users\patrik.nikl\.gradle\caches\modules-2\files-2.1\org.springframework.boot\spring-boot-test\2.0.0.RELEASE\1565e78c2801bd3c7ece0a8ddc08e5ed53676878\spring-boot-test-2.0.0.RELEASE.jar;C:\Users\patrik.nikl\.gradle\caches\modules-2\files-2.1\junit\junit\4.12\2973d150c0dc1fefe998f834810d68f278ea58ec\junit-4.12.jar;C:\Users\patrik.nikl\.gradle\caches\modules-2\files-2.1\org.assertj\assertj-core\3.9.1\c5ce126b15f28d56cd8f960c1a6a058b9c9aea87\assertj-core-3.9.1.jar;C:\Users\patrik.nikl\.gradle\caches\modules-2\files-2.1\org.mockito\mockito-core\2.15.0\b84bfbbc29cd22c9529409627af6ea2897f4fa85\mockito-core-2.15.0.jar;C:\Users\patrik.nikl\.gradle\caches\modules-2\files-2.1\org.hamcrest\hamcrest-library\1.3\4785a3c21320980282f9f33d0d1264a69040538f\hamcrest-library-1.3.jar;C:\Users\patrik.nikl\.gradle\caches\modules-2\files-2.1\org.hamcrest\hamcrest-core\1.3\42a25dc3219429f0e5d060061f71acb49bf010a0\hamcrest-core-1.3.jar;C:\Users\patrik.nikl\.gradle\caches\modules-2\files-2.1\org.skyscreamer\jsonassert\1.5.0\6c9d5fe2f59da598d9aefc1cfc6528ff3cf32df3\jsonassert-1.5.0.jar;C:\Users\patrik.nikl\.gradle\caches\modules-2\files-2.1\org.springframework\spring-test\5.0.4.RELEASE\3fc10b6535a113593fa8780951465012a7677e21\spring-test-5.0.4.RELEASE.jar;C:\Users\patrik.nikl\.gradle\caches\modules-2\files-2.1\org.springframework.boot\spring-boot-autoconfigure\2.0.0.RELEASE\c89896a469ecf92996ecba40755919896ace5470\spring-boot-autoconfigure-2.0.0.RELEASE.jar;C:\Users\patrik.nikl\.gradle\caches\modules-2\files-2.1\org.springframework.boot\spring-boot\2.0.0.RELEASE\771da2071ff14a47f108642a641c204ae4ef7b15\spring-boot-2.0.0.RELEASE.jar;C:\Users\patrik.nikl\.gradle\caches\modules-2\files-2.1\org.springframework\spring-orm\5.0.4.RELEASE\dc83e08ecdb4ab28339f87358b53d75b4a8d1b9\spring-orm-5.0.4.RELEASE.jar;C:\Users\patrik.nikl\.gradle\caches\modules-2\files-2.1\org.springframework\spring-jdbc\5.0.4.RELEASE\6b5ac0db11d81d6319ebd0bb253b2f01713df3ab\spring-jdbc-5.0.4.RELEASE.jar;C:\Users\patrik.nikl\.gradle\caches\modules-2\files-2.1\org.springframework.data\spring-data-commons\2.0.5.RELEASE\f5357c650f63f3a187d3d4086a9e9132f33851a6\spring-data-commons-2.0.5.RELEASE.jar;C:\Users\patrik.nikl\.gradle\caches\modules-2\files-2.1\org.springframework\spring-context\5.0.4.RELEASE\3e76d08c851113077642c5704f0f94d5ce58e905\spring-context-5.0.4.RELEASE.jar;C:\Users\patrik.nikl\.gradle\caches\modules-2\files-2.1\org.springframework\spring-tx\5.0.4.RELEASE\7afc193c5d2b812ee6d2ccaf6fcc81fb83bfb4a7\spring-tx-5.0.4.RELEASE.jar;C:\Users\patrik.nikl\.gradle\caches\modules-2\files-2.1\org.springframework\spring-aop\5.0.4.RELEASE\f8e029e54c0267dadb6b9f713f3feb54ec4f3a0e\spring-aop-5.0.4.RELEASE.jar;C:\Users\patrik.nikl\.gradle\caches\modules-2\files-2.1\org.springframework\spring-beans\5.0.4.RELEASE\7a8c3d48d4c33621e64d1399721d8e067450fcbd\spring-beans-5.0.4.RELEASE.jar;C:\Users\patrik.nikl\.gradle\caches\modules-2\files-2.1\org.springframework\spring-expression\5.0.4.RELEASE\4bda161f2e34c1486f2527a23eb47293567f473c\spring-expression-5.0.4.RELEASE.jar;C:\Users\patrik.nikl\.gradle\caches\modules-2\files-2.1\org.springframework\spring-core\5.0.4.RELEASE\2221a957b5561a34f044350ba4e30ef5870254a3\spring-core-5.0.4.RELEASE.jar;C:\Users\patrik.nikl\.gradle\caches\modules-2\files-2.1\org.xmlunit\xmlunit-core\2.5.1\4ffdb346572a7356f7521cd3119ce5287d2e339d\xmlunit-core-2.5.1.jar;C:\Users\patrik.nikl\.gradle\caches\modules-2\files-2.1\net.minidev\json-smart\2.3\7396407491352ce4fa30de92efb158adb76b5b\json-smart-2.3.jar;C:\Users\patrik.nikl\.gradle\caches\modules-2\files-2.1\com.zaxxer\HikariCP\2.7.8\4a3a604fa2efa89621aa498d04e000b2bed90c39\HikariCP-2.7.8.jar;C:\Users\patrik.nikl\.gradle\caches\modules-2\files-2.1\org.springframework.boot\spring-boot-starter-logging\2.0.0.RELEASE\fe939b71659ef1f98a53cce0b5bcf771685cf6a6\spring-boot-starter-logging-2.0.0.RELEASE.jar;C:\Users\patrik.nikl\.gradle\caches\modules-2\files-2.1\ch.qos.logback\logback-classic\1.2.3\7c4f3c474fb2c041d8028740440937705ebb473a\logback-classic-1.2.3.jar;C:\Users\patrik.nikl\.gradle\caches\modules-2\files-2.1\org.apache.logging.log4j\log4j-to-slf4j\2.10.0\f7e631ccf49cfc0aefa4a2a728da7d374c05bd3c\log4j-to-slf4j-2.10.0.jar;C:\Users\patrik.nikl\.gradle\caches\modules-2\files-2.1\org.slf4j\jul-to-slf4j\1.7.25\af5364cd6679bfffb114f0dec8a157aaa283b76\jul-to-slf4j-1.7.25.jar;C:\Users\patrik.nikl\.gradle\caches\modules-2\files-2.1\org.slf4j\slf4j-api\1.7.25\da76ca59f6a57ee3102f8f9bd9cee742973efa8a\slf4j-api-1.7.25.jar;C:\Users\patrik.nikl\.gradle\caches\modules-2\files-2.1\javax.annotation\javax.annotation-api\1.3.2\934c04d3cfef185a8008e7bf34331b79730a9d43\javax.annotation-api-1.3.2.jar;C:\Users\patrik.nikl\.gradle\caches\modules-2\files-2.1\org.yaml\snakeyaml\1.19\2d998d3d674b172a588e54ab619854d073f555b5\snakeyaml-1.19.jar;C:\Users\patrik.nikl\.gradle\caches\modules-2\files-2.1\org.aspectj\aspectjweaver\1.8.13\ad94df2a28d658a40dc27bbaff6a1ce5fbf04e9b\aspectjweaver-1.8.13.jar;C:\Users\patrik.nikl\.gradle\caches\modules-2\files-2.1\org.hibernate.common\hibernate-commons-annotations\5.0.1.Final\71e1cff3fcb20d3b3af4f3363c3ddb24d33c6879\hibernate-commons-annotations-5.0.1.Final.jar;C:\Users\patrik.nikl\.gradle\caches\modules-2\files-2.1\org.jboss.logging\jboss-logging\3.3.2.Final\3789d00e859632e6c6206adc0c71625559e6e3b0\jboss-logging-3.3.2.Final.jar;C:\Users\patrik.nikl\.gradle\caches\modules-2\files-2.1\org.hibernate.javax.persistence\hibernate-jpa-2.1-api\1.0.0.Final\5e731d961297e5a07290bfaf3db1fbc8bbbf405a\hibernate-jpa-2.1-api-1.0.0.Final.jar;C:\Users\patrik.nikl\.gradle\caches\modules-2\files-2.1\org.javassist\javassist\3.22.0-GA\3e83394258ae2089be7219b971ec21a8288528ad\javassist-3.22.0-GA.jar;C:\Users\patrik.nikl\.gradle\caches\modules-2\files-2.1\antlr\antlr\2.7.7\83cd2cd674a217ade95a4bb83a8a14f351f48bd0\antlr-2.7.7.jar;C:\Users\patrik.nikl\.gradle\caches\modules-2\files-2.1\org.jboss\jandex\2.0.3.Final\bfc4d6257dbff7a33a357f0de116be6ff951d849\jandex-2.0.3.Final.jar;C:\Users\patrik.nikl\.gradle\caches\modules-2\files-2.1\com.fasterxml\classmate\1.3.4\3d5f48f10bbe4eb7bd862f10c0583be2e0053c6\classmate-1.3.4.jar;C:\Users\patrik.nikl\.gradle\caches\modules-2\files-2.1\dom4j\dom4j\1.6.1\5d3ccc056b6f056dbf0dddfdf43894b9065a8f94\dom4j-1.6.1.jar;C:\Users\patrik.nikl\.gradle\caches\modules-2\files-2.1\com.fasterxml.jackson.datatype\jackson-datatype-jdk8\2.9.4\63ac052d52a70a15820d3dc07ea757826fd51d40\jackson-datatype-jdk8-2.9.4.jar;C:\Users\patrik.nikl\.gradle\caches\modules-2\files-2.1\com.fasterxml.jackson.datatype\jackson-datatype-jsr310\2.9.4\12d52679a6615c7972ea25bd8ebb60b191fe79b7\jackson-datatype-jsr310-2.9.4.jar;C:\Users\patrik.nikl\.gradle\caches\modules-2\files-2.1\com.fasterxml.jackson.module\jackson-module-parameter-names\2.9.4\5833c819877c3e85bad847f4d2fa4e70379217c6\jackson-module-parameter-names-2.9.4.jar;C:\Users\patrik.nikl\.gradle\caches\modules-2\files-2.1\com.fasterxml.jackson.core\jackson-databind\2.9.4\498bbc3b94f566982c7f7c6d4d303fce365529be\jackson-databind-2.9.4.jar;C:\Users\patrik.nikl\.gradle\caches\modules-2\files-2.1\org.apache.tomcat.embed\tomcat-embed-websocket\8.5.28\8a5a48740dd80cad644ceb541e77fd8e0809e3b7\tomcat-embed-websocket-8.5.28.jar;C:\Users\patrik.nikl\.gradle\caches\modules-2\files-2.1\org.apache.tomcat.embed\tomcat-embed-core\8.5.28\b684c98cf77c6528079c4e59fc1feeb218bf82f1\tomcat-embed-core-8.5.28.jar;C:\Users\patrik.nikl\.gradle\caches\modules-2\files-2.1\org.apache.tomcat.embed\tomcat-embed-el\8.5.28\75745598f60646ccf0c4b105468a9c8be9b8432e\tomcat-embed-el-8.5.28.jar;C:\Users\patrik.nikl\.gradle\caches\modules-2\files-2.1\javax.validation\validation-api\2.0.1.Final\cb855558e6271b1b32e716d24cb85c7f583ce09e\validation-api-2.0.1.Final.jar;C:\Users\patrik.nikl\.gradle\caches\modules-2\files-2.1\net.bytebuddy\byte-buddy\1.7.10\3c8ec287c0a5bd04b1e3f11723bc46a50346602b\byte-buddy-1.7.10.jar;C:\Users\patrik.nikl\.gradle\caches\modules-2\files-2.1\net.bytebuddy\byte-buddy-agent\1.7.10\9b092a8fb9112b89f6cb23fc929cfb931b14007b\byte-buddy-agent-1.7.10.jar;C:\Users\patrik.nikl\.gradle\caches\modules-2\files-2.1\org.objenesis\objenesis\2.6\639033469776fd37c08358c6b92a4761feb2af4b\objenesis-2.6.jar;C:\Users\patrik.nikl\.gradle\caches\modules-2\files-2.1\com.vaadin.external.google\android-json\0.0.20131108.vaadin1\fa26d351fe62a6a17f5cda1287c1c6110dec413f\android-json-0.0.20131108.vaadin1.jar;C:\Users\patrik.nikl\.gradle\caches\modules-2\files-2.1\org.springframework\spring-jcl\5.0.4.RELEASE\3053e2bad0a18571bdbb9596ce51f9d458f5934f\spring-jcl-5.0.4.RELEASE.jar;C:\Users\patrik.nikl\.gradle\caches\modules-2\files-2.1\net.minidev\accessors-smart\1.2\c592b500269bfde36096641b01238a8350f8aa31\accessors-smart-1.2.jar;C:\Users\patrik.nikl\.gradle\caches\modules-2\files-2.1\com.fasterxml.jackson.core\jackson-annotations\2.9.0\7c10d545325e3a6e72e06381afe469fd40eb701\jackson-annotations-2.9.0.jar;C:\Users\patrik.nikl\.gradle\caches\modules-2\files-2.1\com.fasterxml.jackson.core\jackson-core\2.9.4\a9a71ec1aa37da47db168fede9a4a5fb5e374320\jackson-core-2.9.4.jar;C:\Users\patrik.nikl\.gradle\caches\modules-2\files-2.1\org.ow2.asm\asm\5.0.4\da08b8cce7bbf903602a25a3a163ae252435795\asm-5.0.4.jar;C:\Users\patrik.nikl\.gradle\caches\modules-2\files-2.1\ch.qos.logback\logback-core\1.2.3\864344400c3d4d92dfeb0a305dc87d953677c03c\logback-core-1.2.3.jar;C:\Users\patrik.nikl\.gradle\caches\modules-2\files-2.1\org.apache.logging.log4j\log4j-api\2.10.0\fec5797a55b786184a537abd39c3fa1449d752d6\log4j-api-2.10.0.jar, user.name=patrik.nikl, java.vm.specification.version=1.8, sun.java.command=worker.org.gradle.process.internal.worker.GradleWorkerMain 'Gradle Test Executor 1', java.home=C:\Program Files\Java\jdk1.8.0_191\jre, sun.arch.data.model=64, user.language=en, java.specification.vendor=Oracle Corporation, awt.toolkit=sun.awt.windows.WToolkit, java.vm.info=mixed mode, java.version=1.8.0_191, java.ext.dirs=C:\Program Files\Java\jdk1.8.0_191\jre\lib\ext;C:\WINDOWS\Sun\Java\lib\ext, sun.boot.class.path=C:\Program Files\Java\jdk1.8.0_191\jre\lib\resources.jar;C:\Program Files\Java\jdk1.8.0_191\jre\lib\rt.jar;C:\Program Files\Java\jdk1.8.0_191\jre\lib\sunrsasign.jar;C:\Program Files\Java\jdk1.8.0_191\jre\lib\jsse.jar;C:\Program Files\Java\jdk1.8.0_191\jre\lib\jce.jar;C:\Program Files\Java\jdk1.8.0_191\jre\lib\charsets.jar;C:\Program Files\Java\jdk1.8.0_191\jre\lib\jfr.jar;C:\Program Files\Java\jdk1.8.0_191\jre\classes, java.vendor=Oracle Corporation, org.gradle.test.worker=1, file.separator=\, java.vendor.url.bug=http://bugreport.sun.com/bugreport/, sun.io.unicode.encoding=UnicodeLittle, sun.cpu.endian=little, sun.desktop=windows, sun.cpu.isalist=amd64}}, SystemEnvironmentPropertySource@752602924 {name='systemEnvironment', properties={USERDOMAIN_ROAMINGPROFILE=ARTIN, PROCESSOR_LEVEL=6, RegionCode=EMEA, SESSIONNAME=Console, ALLUSERSPROFILE=C:\ProgramData, PROCESSOR_ARCHITECTURE=AMD64, PSModulePath=C:\Users\patrik.nikl\Documents\WindowsPowerShell\Modules, __INTELLIJ_COMMAND_HISTFILE__=C:\Users\patrik.nikl\.IdeaIC2018.3\config\terminal\history\history-4, SystemDrive=C:, DIRNAME=C:\Users\patrik.nikl\Downloads\java-ukol-senior\, USERNAME=patrik.nikl, USERDNSDOMAIN=ARTIN.LAN, CMD_LINE_ARGS=build, ProgramFiles(x86)=C:\Program Files (x86), APP_HOME=C:\Users\patrik.nikl\Downloads\java-ukol-senior\, PATHEXT=.COM;.EXE;.BAT;.CMD;.VBS;.VBE;.JS;.JSE;.WSF;.WSH;.MSC, DriverData=C:\Windows\System32\Drivers\DriverData, IntelliJ IDEA Community Edition=C:\Program Files\JetBrains\IntelliJ IDEA Community Edition 2018.3\bin;, LIBTHAI_DICTDIR=C:\Program Files\GIMP 2\share\libthai, platformcode=AN, ProgramData=C:\ProgramData, ProgramW6432=C:\Program Files, HOMEPATH=\Users\patrik.nikl, PROCESSOR_IDENTIFIER=Intel64 Family 6 Model 142 Stepping 9, GenuineIntel, ProgramFiles=C:\Program Files, PUBLIC=C:\Users\Public, windir=C:\WINDOWS, _SKIP=2, LOCALAPPDATA=C:\Users\patrik.nikl\AppData\Local, ChocolateyLastPathUpdate=Wed Nov 21 17:37:11 2018, PROJECT_DIR=C:/Users/patrik.nikl/Downloads/java-ukol-senior, USERDOMAIN=ARTIN, LOGONSERVER=\\LAR0102, JAVA_HOME=C:\Program Files\Java\jdk1.8.0_191, PROMPT=$P$G, TIMEMISSION_HOME=C:\apps\home-template, OneDrive=C:\Users\patrik.nikl\OneDrive, =C:=C:\Users\patrik.nikl\Downloads\java-ukol-senior, APPDATA=C:\Users\patrik.nikl\AppData\Roaming, JAVA_EXE=C:\Program Files\Java\jdk1.8.0_191/bin/java.exe, ChocolateyInstall=C:\ProgramData\chocolatey, CommonProgramFiles=C:\Program Files\Common Files, Path=C:\ProgramData\DockerDesktop\version-bin;C:\Program Files\Docker\Docker\Resources\bin;C:\Python27\;C:\Python27\Scripts;C:\ProgramData\Boxstarter;C:\Program Files (x86)\Common Files\Oracle\Java\javapath;C:\WINDOWS\system32;C:\WINDOWS;C:\WINDOWS\System32\Wbem;C:\WINDOWS\System32\WindowsPowerShell\v1.0\;C:\WINDOWS\System32\OpenSSH\;C:\ProgramData\chocolatey\bin;C:\Program Files\Git\cmd;C:\Program Files\PostgreSQL\11\bin;C:\Program Files\PostgreSQL\11\lib;C:\Program Files\nodejs\;C:\Program Files\Intel\WiFi\bin\;C:\Program Files\Common Files\Intel\WirelessCommon\;C:\WINDOWS\system32;C:\WINDOWS;C:\WINDOWS\System32\Wbem;C:\WINDOWS\System32\WindowsPowerShell\v1.0\;C:\WINDOWS\System32\OpenSSH\;C:\Program Files (x86)\Intel\Intel(R) Management Engine Components\DAL;C:\Program Files\Intel\Intel(R) Management Engine Components\DAL;C:\Program Files\Java\jdk1.8.0_191;C:\Users\patrik.nikl\AppData\Local\Microsoft\WindowsApps;;C:\Program Files\JetBrains\IntelliJ IDEA Community Edition 2018.3\bin;C:\Users\patrik.nikl\AppData\Roaming\npm;%USERPROFILE%\AppData\Local\Microsoft\WindowsApps, OS=Windows_NT, COMPUTERNAME=ANTB1708, PTSMINSTALLPATH=c:\Program Files (x86)\HP\HP ProtectTools Security Manager\Bin\, OnlineServices=Online Services, PROCESSOR_REVISION=8e09, CLASSPATH=C:\Users\patrik.nikl\Downloads\java-ukol-senior\\gradle\wrapper\gradle-wrapper.jar, CommonProgramW6432=C:\Program Files\Common Files, ComSpec=C:\WINDOWS\system32\cmd.exe, APP_BASE_NAME=gradlew, PTSMINSTALLPATH_X86=c:\Program Files (x86)\HP\HP ProtectTools Security Manager\Bin\, TERMINAL_EMULATOR=JetBrains-JediTerm, SystemRoot=C:\WINDOWS, TEMP=C:\Users\PATRIK~1.NIK\AppData\Local\Temp, HOMEDRIVE=C:, USERPROFILE=C:\Users\patrik.nikl, TMP=C:\Users\PATRIK~1.NIK\AppData\Local\Temp, CommonProgramFiles(x86)=C:\Program Files (x86)\Common Files, NUMBER_OF_PROCESSORS=4}}]
18:32:22.984 [Test worker] DEBUG org.springframework.test.context.support.TestPropertySourceUtils - Adding inlined properties to environment: {spring.jmx.enabled=false, org.springframework.boot.test.context.SpringBootTestContextBootstrapper=true, server.port=-1}
18:32:22.984 [Test worker] DEBUG org.springframework.core.env.StandardEnvironment - Adding PropertySource 'Inlined Test Properties' with highest search precedence

  .   ____          _            __ _ _
 /\\ / ___'_ __ _ _(_)_ __  __ _ \ \ \ \
( ( )\___ | '_ | '_| | '_ \/ _` | \ \ \ \
 \\/  ___)| |_)| | | | | || (_| |  ) ) ) )
  '  |____| .__|_| |_|_| |_\__, | / / / /
 =========|_|==============|___/=/_/_/_/
 :: Spring Boot ::        (v2.0.0.RELEASE)

2019-06-23 18:32:23.332  INFO 2644 --- [    Test worker] c.etnetera.hr.JavaScriptFrameworkTests   : Starting JavaScriptFrameworkTests on ANTB1708 with PID 2644 (started by patrik.nikl in C:\Users\patrik.nikl\Downloads\java-ukol-senior)
2019-06-23 18:32:23.333  INFO 2644 --- [    Test worker] c.etnetera.hr.JavaScriptFrameworkTests   : No active profile set, falling back to default profiles: default
2019-06-23 18:32:23.386  INFO 2644 --- [    Test worker] o.s.w.c.s.GenericWebApplicationContext   : Refreshing org.springframework.web.context.support.GenericWebApplicationContext@3c7ab32: startup date [Sun Jun 23 18:32:23 CEST 2019]; root of context hierarchy
2019-06-23 18:32:25.198  INFO 2644 --- [    Test worker] trationDelegate$BeanPostProcessorChecker : Bean 'org.springframework.transaction.annotation.ProxyTransactionManagementConfiguration' of type [org.springframework.transaction.annotation.ProxyTransactionManagementConfiguration$$EnhancerBySpringCGLIB$$63236d4b] is not eligible for getting processed by all BeanPostProcessors (for example: not eligible for auto-proxying)
2019-06-23 18:32:25.457  INFO 2644 --- [    Test worker] com.zaxxer.hikari.HikariDataSource       : HikariPool-1 - Starting...
2019-06-23 18:32:25.691  INFO 2644 --- [    Test worker] com.zaxxer.hikari.HikariDataSource       : HikariPool-1 - Start completed.
2019-06-23 18:32:25.775  INFO 2644 --- [    Test worker] j.LocalContainerEntityManagerFactoryBean : Building JPA container EntityManagerFactory for persistence unit 'default'
2019-06-23 18:32:25.803  INFO 2644 --- [    Test worker] o.hibernate.jpa.internal.util.LogHelper  : HHH000204: Processing PersistenceUnitInfo [
	name: default
	...]
2019-06-23 18:32:25.908  INFO 2644 --- [    Test worker] org.hibernate.Version                    : HHH000412: Hibernate Core {5.2.14.Final}
2019-06-23 18:32:25.910  INFO 2644 --- [    Test worker] org.hibernate.cfg.Environment            : HHH000206: hibernate.properties not found
2019-06-23 18:32:25.961  INFO 2644 --- [    Test worker] o.hibernate.annotations.common.Version   : HCANN000001: Hibernate Commons Annotations {5.0.1.Final}
2019-06-23 18:32:26.098  INFO 2644 --- [    Test worker] org.hibernate.dialect.Dialect            : HHH000400: Using dialect: org.hibernate.dialect.H2Dialect
2019-06-23 18:32:26.744  INFO 2644 --- [    Test worker] o.h.t.schema.internal.SchemaCreatorImpl  : HHH000476: Executing import script 'org.hibernate.tool.schema.internal.exec.ScriptSourceInputNonExistentImpl@68bb11e'
2019-06-23 18:32:26.747  INFO 2644 --- [    Test worker] j.LocalContainerEntityManagerFactoryBean : Initialized JPA EntityManagerFactory for persistence unit 'default'
2019-06-23 18:32:28.084  INFO 2644 --- [    Test worker] s.w.s.m.m.a.RequestMappingHandlerAdapter : Looking for @ControllerAdvice: org.springframework.web.context.support.GenericWebApplicationContext@3c7ab32: startup date [Sun Jun 23 18:32:23 CEST 2019]; root of context hierarchy
2019-06-23 18:32:28.308  WARN 2644 --- [    Test worker] aWebConfiguration$JpaWebMvcConfiguration : spring.jpa.open-in-view is enabled by default. Therefore, database queries may be performed during view rendering. Explicitly configure spring.jpa.open-in-view to disable this warning
2019-06-23 18:32:28.366  INFO 2644 --- [    Test worker] s.w.s.m.m.a.RequestMappingHandlerMapping : Mapped "{[/frameworks],methods=[GET]}" onto public java.lang.Iterable<com.etnetera.hr.data.JavaScriptFramework> com.etnetera.hr.controller.JavaScriptFrameworkController.frameworks()
2019-06-23 18:32:28.372  INFO 2644 --- [    Test worker] s.w.s.m.m.a.RequestMappingHandlerMapping : Mapped "{[/error]}" onto public org.springframework.http.ResponseEntity<java.util.Map<java.lang.String, java.lang.Object>> org.springframework.boot.autoconfigure.web.servlet.error.BasicErrorController.error(javax.servlet.http.HttpServletRequest)
2019-06-23 18:32:28.374  INFO 2644 --- [    Test worker] s.w.s.m.m.a.RequestMappingHandlerMapping : Mapped "{[/error],produces=[text/html]}" onto public org.springframework.web.servlet.ModelAndView org.springframework.boot.autoconfigure.web.servlet.error.BasicErrorController.errorHtml(javax.servlet.http.HttpServletRequest,javax.servlet.http.HttpServletResponse)
2019-06-23 18:32:28.443  INFO 2644 --- [    Test worker] o.s.w.s.handler.SimpleUrlHandlerMapping  : Mapped URL path [/webjars/**] onto handler of type [class org.springframework.web.servlet.resource.ResourceHttpRequestHandler]
2019-06-23 18:32:28.443  INFO 2644 --- [    Test worker] o.s.w.s.handler.SimpleUrlHandlerMapping  : Mapped URL path [/**] onto handler of type [class org.springframework.web.servlet.resource.ResourceHttpRequestHandler]
2019-06-23 18:32:28.517  INFO 2644 --- [    Test worker] o.s.w.s.handler.SimpleUrlHandlerMapping  : Mapped URL path [/**/favicon.ico] onto handler of type [class org.springframework.web.servlet.resource.ResourceHttpRequestHandler]
2019-06-23 18:32:28.889  INFO 2644 --- [    Test worker] c.etnetera.hr.JavaScriptFrameworkTests   : Started JavaScriptFrameworkTests in 5.892 seconds (JVM running for 7.442)
]]></system-out>
  <system-err><![CDATA[]]></system-err>
</testsuite>
